<?xml version="1.0" encoding="UTF-8"?>
<testng-results ignored="0" total="3" passed="3" failed="0" skipped="0">
  <reporter-output>
  </reporter-output>
  <suite started-at="2025-03-13T12:39:42 IST" name="Default suite" finished-at="2025-03-13T12:40:14 IST" duration-ms="32267">
    <groups>
      <group name="cucumber">
        <method signature="AbstractTestNGCucumberTests.runScenario(io.cucumber.testng.PickleWrapper,io.cucumber.testng.FeatureWrapper)[pri:0, instance:testrunners.Logintest@3bd82cf5]" name="runScenario" class="io.cucumber.testng.AbstractTestNGCucumberTests"/>
      </group> <!-- cucumber -->
    </groups>
    <test started-at="2025-03-13T12:39:42 IST" name="Default test" finished-at="2025-03-13T12:40:14 IST" duration-ms="32267">
      <class name="testrunners.Logintest">
        <test-method is-config="true" signature="setUpClass(org.testng.ITestContext)[pri:0, instance:testrunners.Logintest@3bd82cf5]" started-at="2025-03-13T12:39:42 IST" name="setUpClass" finished-at="2025-03-13T12:39:42 IST" duration-ms="335" status="PASS">
          <params>
            <param index="0">
              <value>
                <![CDATA[org.testng.TestRunner@3c0fbd3a]]>
              </value>
            </param>
          </params>
          <reporter-output>
          </reporter-output>
        </test-method> <!-- setUpClass -->
        <test-method signature="runScenario(io.cucumber.testng.PickleWrapper,io.cucumber.testng.FeatureWrapper)[pri:0, instance:testrunners.Logintest@3bd82cf5]" started-at="2025-03-13T12:39:42 IST" name="runScenario" description="Runs Cucumber Scenarios" data-provider="scenarios" finished-at="2025-03-13T12:39:51 IST" duration-ms="8800" status="PASS">
          <params>
            <param index="0">
              <value>
                <![CDATA["verify login with valid credentials"]]>
              </value>
            </param>
            <param index="1">
              <value>
                <![CDATA["Checkimng Loginpage"]]>
              </value>
            </param>
          </params>
          <reporter-output>
          </reporter-output>
        </test-method> <!-- runScenario -->
        <test-method signature="runScenario(io.cucumber.testng.PickleWrapper,io.cucumber.testng.FeatureWrapper)[pri:0, instance:testrunners.Logintest@3bd82cf5]" started-at="2025-03-13T12:39:51 IST" name="runScenario" description="Runs Cucumber Scenarios" data-provider="scenarios" finished-at="2025-03-13T12:40:02 IST" duration-ms="10915" status="PASS">
          <params>
            <param index="0">
              <value>
                <![CDATA["checking the login func with invalid inputs"]]>
              </value>
            </param>
            <param index="1">
              <value>
                <![CDATA["Checking Loginpage"]]>
              </value>
            </param>
          </params>
          <reporter-output>
          </reporter-output>
        </test-method> <!-- runScenario -->
        <test-method signature="runScenario(io.cucumber.testng.PickleWrapper,io.cucumber.testng.FeatureWrapper)[pri:0, instance:testrunners.Logintest@3bd82cf5]" started-at="2025-03-13T12:40:02 IST" name="runScenario" description="Runs Cucumber Scenarios" data-provider="scenarios" finished-at="2025-03-13T12:40:14 IST" duration-ms="12117" status="PASS">
          <params>
            <param index="0">
              <value>
                <![CDATA["checking the login func with invalid inputs"]]>
              </value>
            </param>
            <param index="1">
              <value>
                <![CDATA["Checking Loginpage"]]>
              </value>
            </param>
          </params>
          <reporter-output>
          </reporter-output>
        </test-method> <!-- runScenario -->
        <test-method is-config="true" signature="tearDownClass()[pri:0, instance:testrunners.Logintest@3bd82cf5]" started-at="2025-03-13T12:40:14 IST" name="tearDownClass" finished-at="2025-03-13T12:40:14 IST" duration-ms="5" status="PASS">
          <reporter-output>
          </reporter-output>
        </test-method> <!-- tearDownClass -->
      </class> <!-- testrunners.Logintest -->
    </test> <!-- Default test -->
  </suite> <!-- Default suite -->
</testng-results>
